[13:33:03] [main/INFO]: Environment: authHost='https://authserver.mojang.com', accountsHost='https://api.mojang.com', sessionHost='https://sessionserver.mojang.com', servicesHost='https://api.minecraftservices.com', name='PROD'
[13:33:03] [main/WARN]: Ambiguity between arguments [teleport, location] and [teleport, destination] with inputs: [0.1 -0.5 .9, 0 0 0]
[13:33:03] [main/WARN]: Ambiguity between arguments [teleport, location] and [teleport, targets] with inputs: [0.1 -0.5 .9, 0 0 0]
[13:33:03] [main/WARN]: Ambiguity between arguments [teleport, destination] and [teleport, targets] with inputs: [Player, 0123, @e, dd12be42-52a9-4a91-a8a1-11c01849e498]
[13:33:03] [main/WARN]: Ambiguity between arguments [teleport, targets] and [teleport, destination] with inputs: [Player, 0123, dd12be42-52a9-4a91-a8a1-11c01849e498]
[13:33:03] [main/WARN]: Ambiguity between arguments [teleport, targets, location] and [teleport, targets, destination] with inputs: [0.1 -0.5 .9, 0 0 0]
[13:33:03] [main/INFO]: Reloading ResourceManager: Default
[13:33:04] [Worker-Main-12/INFO]: Loaded 7 recipes
[13:33:05] [Worker-Main-12/INFO]: Loaded 1137 advancements
[13:33:06] [Server thread/INFO]: Starting minecraft server version 1.17.1
[13:33:06] [Server thread/INFO]: Loading properties
[13:33:06] [Server thread/INFO]: Default game type: SURVIVAL
[13:33:06] [Server thread/INFO]: Generating keypair
[13:33:06] [Server thread/INFO]: Starting Minecraft server on *:25565
[13:33:06] [Server thread/INFO]: Using default channel type
[13:33:07] [Server thread/INFO]: Preparing level "world"
[13:33:07] [Server thread/INFO]: Preparing start region for dimension minecraft:overworld
[13:33:07] [Worker-Main-9/INFO]: Preparing spawn area: 0%
[13:33:07] [Worker-Main-13/INFO]: Preparing spawn area: 0%
[13:33:08] [Worker-Main-11/INFO]: Preparing spawn area: 0%
[13:33:08] [Worker-Main-14/INFO]: Preparing spawn area: 0%
[13:33:12] [Worker-Main-9/INFO]: Preparing spawn area: 0%
[13:33:12] [Worker-Main-13/INFO]: Preparing spawn area: 0%
[13:33:12] [Worker-Main-13/INFO]: Preparing spawn area: 0%
[13:33:12] [Worker-Main-13/INFO]: Preparing spawn area: 0%
[13:33:12] [Worker-Main-13/INFO]: Preparing spawn area: 0%
[13:33:12] [Worker-Main-9/INFO]: Preparing spawn area: 0%
[13:33:12] [Worker-Main-13/INFO]: Preparing spawn area: 0%
[13:33:12] [Worker-Main-14/INFO]: Preparing spawn area: 11%
[13:33:13] [Worker-Main-13/INFO]: Preparing spawn area: 54%
[13:33:13] [Worker-Main-13/INFO]: Preparing spawn area: 68%
[13:33:14] [Worker-Main-9/INFO]: Preparing spawn area: 70%
[13:33:14] [Worker-Main-9/INFO]: Preparing spawn area: 80%
[13:33:15] [Worker-Main-9/INFO]: Preparing spawn area: 83%
[13:33:15] [Worker-Main-13/INFO]: Preparing spawn area: 86%
[13:33:16] [Worker-Main-13/INFO]: Preparing spawn area: 89%
[13:33:16] [Worker-Main-9/INFO]: Preparing spawn area: 97%
[13:33:17] [Server thread/INFO]: Time elapsed: 9782 ms
[13:33:17] [Server thread/INFO]: Done (9.894s)! For help, type "help"
[13:33:23] [Server thread/INFO]: Stopping the server
[13:33:23] [Server thread/INFO]: Stopping server
[13:33:23] [Server thread/INFO]: Saving players
[13:33:23] [Server thread/INFO]: Saving worlds
[13:33:23] [Server thread/INFO]: Saving chunks for level 'ServerLevel[test]'/minecraft:overworld
[13:33:24] [Server thread/INFO]: Saving chunks for level 'ServerLevel[test]'/minecraft:the_nether
[13:33:24] [Server thread/INFO]: Saving chunks for level 'ServerLevel[test]'/minecraft:the_end
[13:33:24] [Server thread/INFO]: ThreadedAnvilChunkStorage (world): All chunks are saved
[13:33:24] [Server thread/INFO]: ThreadedAnvilChunkStorage (DIM-1): All chunks are saved
[13:33:24] [Server thread/INFO]: ThreadedAnvilChunkStorage (DIM1): All chunks are saved
[13:33:24] [Server thread/INFO]: ThreadedAnvilChunkStorage: All dimensions are saved
